<?xml version="1.0" encoding="UTF-8"?>
<!-- Generated by org.testng.reporters.JUnitReportReporter -->
<testsuite hostname="Chandulal" failures="0" tests="1" name="Practice.BrokenLinks" time="10.112" errors="0" timestamp="2022-08-08T01:24:25 IST" skipped="0">
  <testcase classname="Practice.BrokenLinks" name="testUntitledTestCase" time="10.112"/>
  <system-out/>
</testsuite> <!-- Practice.BrokenLinks -->
