<?xml version="1.0" encoding="UTF-8"?>
<!-- Generated by org.testng.reporters.JUnitReportReporter -->
<testsuite hostname="Chandulal" failures="0" tests="1" name="morepractice.pr1" time="28.944" errors="0" timestamp="2022-08-06T16:30:25 IST" skipped="0">
  <testcase classname="morepractice.pr1" name="testUntitledTestCase" time="28.944"/>
  <system-out/>
</testsuite> <!-- morepractice.pr1 -->
