<?xml version="1.0" encoding="UTF-8"?>
<!-- Generated by org.testng.reporters.JUnitReportReporter -->
<testsuite hostname="Chandulal" failures="0" tests="1" name="test.testng_Demo" time="3.652" errors="0" timestamp="2022-08-06T13:44:05 IST" skipped="0">
  <testcase classname="test.testng_Demo" name="Test" time="3.652"/>
  <system-out/>
</testsuite> <!-- test.testng_Demo -->
