<?xml version="1.0" encoding="UTF-8"?>
<!-- Generated by org.testng.reporters.JUnitReportReporter -->
<testsuite hostname="Chandulal" failures="0" tests="1" name="test.testng_properties" time="1.373" errors="0" timestamp="2022-08-06T16:07:37 IST" skipped="0">
  <testcase classname="test.testng_properties" name="Test" time="1.373"/>
  <system-out/>
</testsuite> <!-- test.testng_properties -->
