<?xml version="1.0" encoding="UTF-8"?>
<!-- Generated by org.testng.reporters.JUnitReportReporter -->
<testsuite hostname="Chandulal" failures="0" tests="1" name="morepractice.Requestapptpage" time="32.533" errors="0" timestamp="2022-08-08T17:53:29 IST" skipped="0">
  <testcase classname="morepractice.Requestapptpage" name="testUntitledTestCase" time="32.533"/>
  <system-out/>
</testsuite> <!-- morepractice.Requestapptpage -->
