<?xml version="1.0" encoding="UTF-8"?>
<!-- Generated by org.testng.reporters.JUnitReportReporter -->
<testsuite hostname="Chandulal" failures="0" tests="1" name="morepractice.Requestapptpage" time="21.664" errors="0" timestamp="2022-08-06T20:16:00 IST" skipped="0">
  <testcase classname="morepractice.Requestapptpage" name="testUntitledTestCase" time="21.664"/>
  <system-out/>
</testsuite> <!-- morepractice.Requestapptpage -->
