<?xml version="1.0" encoding="UTF-8"?>
<!-- Generated by org.testng.reporters.JUnitReportReporter -->
<testsuite hostname="Chandulal" failures="0" tests="1" name="test.Testng" time="2.796" errors="0" timestamp="2022-08-05T23:59:25 IST" skipped="0">
  <testcase classname="test.Testng" name="Test" time="2.796"/>
  <system-out/>
</testsuite> <!-- test.Testng -->
