<?xml version="1.0" encoding="UTF-8"?>
<!-- Generated by org.testng.reporters.JUnitReportReporter -->
<testsuite hostname="Chandulal" failures="0" tests="1" name="test.testng_properties" time="2.294" errors="0" timestamp="2022-08-06T13:57:25 IST" skipped="0">
  <testcase classname="test.testng_properties" name="Test" time="2.294"/>
  <system-out/>
</testsuite> <!-- test.testng_properties -->
