<?xml version="1.0" encoding="UTF-8"?>
<!-- Generated by org.testng.reporters.JUnitReportReporter -->
<testsuite hostname="Chandulal" failures="0" tests="1" name="morepractice.LogintopA" time="24.279" errors="0" timestamp="2022-08-06T17:45:33 IST" skipped="0">
  <testcase classname="morepractice.LogintopA" name="loginPA" time="24.279"/>
  <system-out/>
</testsuite> <!-- morepractice.LogintopA -->
