<?xml version="1.0" encoding="UTF-8"?>
<!-- Generated by org.testng.reporters.JUnitReportReporter -->
<testsuite hostname="Chandulal" failures="0" tests="1" name="test.Testng" time="3.645" errors="0" timestamp="2022-07-31T21:43:11 IST" skipped="0">
  <testcase classname="test.Testng" name="Test" time="3.645"/>
  <system-out/>
</testsuite> <!-- test.Testng -->
