<?xml version="1.0" encoding="UTF-8"?>
<!-- Generated by org.testng.reporters.JUnitReportReporter -->
<testsuite hostname="Chandulal" failures="0" tests="1" name="Practice.new1" time="10.185" errors="0" timestamp="2022-08-06T14:41:45 IST" skipped="0">
  <testcase classname="Practice.new1" name="testUntitledTestCase" time="10.185"/>
  <system-out/>
</testsuite> <!-- Practice.new1 -->
